<?xml version="1.0" encoding="UTF-8"?>
<testng-results skipped="0" failed="0" ignored="0" total="1" passed="1">
  <reporter-output>
  </reporter-output>
  <suite name="Default suite" duration-ms="3927" started-at="2020-06-20T01:22:06 IST" finished-at="2020-06-20T01:22:10 IST">
    <groups>
    </groups>
    <test name="Default test" duration-ms="3927" started-at="2020-06-20T01:22:06 IST" finished-at="2020-06-20T01:22:10 IST">
      <class name="TestCases.ExecutionScript">
        <test-method status="PASS" signature="Verify_executionTests(int, int)[pri:0, instance:TestCases.ExecutionScript@1f554b06]" name="Verify_executionTests" duration-ms="2239" started-at="2020-06-20T01:22:07 IST" data-provider="TestIterations" finished-at="2020-06-20T01:22:09 IST">
          <params>
            <param index="0">
              <value>
                <![CDATA[1]]>
              </value>
            </param>
            <param index="1">
              <value>
                <![CDATA[1]]>
              </value>
            </param>
          </params>
          <reporter-output>
          </reporter-output>
        </test-method> <!-- Verify_executionTests -->
        <test-method status="PASS" signature="AfterTest()[pri:0, instance:TestCases.ExecutionScript@1f554b06]" name="AfterTest" is-config="true" duration-ms="1013" started-at="2020-06-20T01:22:09 IST" finished-at="2020-06-20T01:22:10 IST">
          <reporter-output>
          </reporter-output>
        </test-method> <!-- AfterTest -->
      </class> <!-- TestCases.ExecutionScript -->
    </test> <!-- Default test -->
  </suite> <!-- Default suite -->
</testng-results>
