<?xml version="1.0" encoding="UTF-8"?>
<testng-results skipped="0" failed="0" ignored="0" total="1" passed="1">
  <reporter-output>
  </reporter-output>
  <suite name="Default suite" duration-ms="48417" started-at="2020-06-23T18:18:32 IST" finished-at="2020-06-23T18:19:20 IST">
    <groups>
    </groups>
    <test name="Default test" duration-ms="48417" started-at="2020-06-23T18:18:32 IST" finished-at="2020-06-23T18:19:20 IST">
      <class name="TestCases.ExecutionScript">
        <test-method status="PASS" signature="Verify_executionTests(int, int)[pri:0, instance:TestCases.ExecutionScript@1c3a4799]" name="Verify_executionTests" duration-ms="46720" started-at="2020-06-23T18:18:32 IST" data-provider="TestIterations" finished-at="2020-06-23T18:19:19 IST">
          <params>
            <param index="0">
              <value>
                <![CDATA[1]]>
              </value>
            </param>
            <param index="1">
              <value>
                <![CDATA[1]]>
              </value>
            </param>
          </params>
          <reporter-output>
          </reporter-output>
        </test-method> <!-- Verify_executionTests -->
        <test-method status="PASS" signature="AfterTest()[pri:0, instance:TestCases.ExecutionScript@1c3a4799]" name="AfterTest" is-config="true" duration-ms="1053" started-at="2020-06-23T18:19:19 IST" finished-at="2020-06-23T18:19:20 IST">
          <reporter-output>
          </reporter-output>
        </test-method> <!-- AfterTest -->
      </class> <!-- TestCases.ExecutionScript -->
    </test> <!-- Default test -->
  </suite> <!-- Default suite -->
</testng-results>
